<?xml version="1.0" encoding="UTF-8" ?>
<testsuite tests="6" failures="0" name="MyBookingManagerTest" time="0.053" errors="0" skipped="0">
  <properties>
[...]
</properties>
  <testcase classname="MyBookingManagerTest" name="shouldThrowWhenDateInThePast" time="0.003"/>
  <testcase classname="MyBookingManagerTest" name="shouldListNoRooms" time="0.028"/>
  <testcase classname="MyBookingManagerTest" name="shouldNotBeAvailable" time="0.019"/>
  <testcase classname="MyBookingManagerTest" name="shouldBeAvailable" time="0"/>
  <testcase classname="MyBookingManagerTest" name="shouldThrowWhenAlreadyBooked" time="0.001"/>
  <testcase classname="MyBookingManagerTest" name="shouldListAvailableRooms" time="0.002"/>
</testsuite>